Added Component: Designator=*1(New footprint 1)
Added Component: Designator=C1(C 0603)
Add component (AddParameter): Name = "LatestRevisionDate"; Value = "17-Jul-2002"; VariantName = "[No Variations]"
Add component (AddParameter): Name = "LatestRevisionNote"; Value = "Re-released for DXP Platform."; VariantName = "[No Variations]"
Add component (AddParameter): Name = "Published"; Value = "8-Jun-2000"; VariantName = "[No Variations]"
Add component (AddParameter): Name = "Publisher"; Value = "Altium Limited"; VariantName = "[No Variations]"
Add component (AddParameter): Name = "Value"; Value = "104"; VariantName = "[No Variations]"
Added Component: Designator=C2(C 0603)
Add component (AddParameter): Name = "LatestRevisionDate"; Value = "17-Jul-2002"; VariantName = "[No Variations]"
Add component (AddParameter): Name = "LatestRevisionNote"; Value = "Re-released for DXP Platform."; VariantName = "[No Variations]"
Add component (AddParameter): Name = "Published"; Value = "8-Jun-2000"; VariantName = "[No Variations]"
Add component (AddParameter): Name = "Publisher"; Value = "Altium Limited"; VariantName = "[No Variations]"
Add component (AddParameter): Name = "Value"; Value = "104"; VariantName = "[No Variations]"
Added Component: Designator=C3(C 0603)
Add component (AddParameter): Name = "LatestRevisionDate"; Value = "17-Jul-2002"; VariantName = "[No Variations]"
Add component (AddParameter): Name = "LatestRevisionNote"; Value = "Re-released for DXP Platform."; VariantName = "[No Variations]"
Add component (AddParameter): Name = "Published"; Value = "8-Jun-2000"; VariantName = "[No Variations]"
Add component (AddParameter): Name = "Publisher"; Value = "Altium Limited"; VariantName = "[No Variations]"
Add component (AddParameter): Name = "Value"; Value = "104"; VariantName = "[No Variations]"
Added Component: Designator=C4(C 0603)
Add component (AddParameter): Name = "LatestRevisionDate"; Value = "17-Jul-2002"; VariantName = "[No Variations]"
Add component (AddParameter): Name = "LatestRevisionNote"; Value = "Re-released for DXP Platform."; VariantName = "[No Variations]"
Add component (AddParameter): Name = "Published"; Value = "8-Jun-2000"; VariantName = "[No Variations]"
Add component (AddParameter): Name = "Publisher"; Value = "Altium Limited"; VariantName = "[No Variations]"
Add component (AddParameter): Name = "Value"; Value = "104"; VariantName = "[No Variations]"
Added Component: Designator=C5(C 0603)
Add component (AddParameter): Name = "LatestRevisionDate"; Value = "17-Jul-2002"; VariantName = "[No Variations]"
Add component (AddParameter): Name = "LatestRevisionNote"; Value = "Re-released for DXP Platform."; VariantName = "[No Variations]"
Add component (AddParameter): Name = "Published"; Value = "8-Jun-2000"; VariantName = "[No Variations]"
Add component (AddParameter): Name = "Publisher"; Value = "Altium Limited"; VariantName = "[No Variations]"
Add component (AddParameter): Name = "Value"; Value = "104"; VariantName = "[No Variations]"
Added Component: Designator=C6(C 0603)
Add component (AddParameter): Name = "LatestRevisionDate"; Value = "17-Jul-2002"; VariantName = "[No Variations]"
Add component (AddParameter): Name = "LatestRevisionNote"; Value = "Re-released for DXP Platform."; VariantName = "[No Variations]"
Add component (AddParameter): Name = "Published"; Value = "8-Jun-2000"; VariantName = "[No Variations]"
Add component (AddParameter): Name = "Publisher"; Value = "Altium Limited"; VariantName = "[No Variations]"
Add component (AddParameter): Name = "Value"; Value = "104"; VariantName = "[No Variations]"
Added Component: Designator=C7(C 0603)
Add component (AddParameter): Name = "LatestRevisionDate"; Value = "17-Jul-2002"; VariantName = "[No Variations]"
Add component (AddParameter): Name = "LatestRevisionNote"; Value = "Re-released for DXP Platform."; VariantName = "[No Variations]"
Add component (AddParameter): Name = "Published"; Value = "8-Jun-2000"; VariantName = "[No Variations]"
Add component (AddParameter): Name = "Publisher"; Value = "Altium Limited"; VariantName = "[No Variations]"
Add component (AddParameter): Name = "Value"; Value = "104"; VariantName = "[No Variations]"
Added Component: Designator=C8(C 0603)
Add component (AddParameter): Name = "LatestRevisionDate"; Value = "17-Jul-2002"; VariantName = "[No Variations]"
Add component (AddParameter): Name = "LatestRevisionNote"; Value = "Re-released for DXP Platform."; VariantName = "[No Variations]"
Add component (AddParameter): Name = "Published"; Value = "8-Jun-2000"; VariantName = "[No Variations]"
Add component (AddParameter): Name = "Publisher"; Value = "Altium Limited"; VariantName = "[No Variations]"
Add component (AddParameter): Name = "Value"; Value = "104"; VariantName = "[No Variations]"
Added Component: Designator=C9(C 0603)
Add component (AddParameter): Name = "LatestRevisionDate"; Value = "17-Jul-2002"; VariantName = "[No Variations]"
Add component (AddParameter): Name = "LatestRevisionNote"; Value = "Re-released for DXP Platform."; VariantName = "[No Variations]"
Add component (AddParameter): Name = "Published"; Value = "8-Jun-2000"; VariantName = "[No Variations]"
Add component (AddParameter): Name = "Publisher"; Value = "Altium Limited"; VariantName = "[No Variations]"
Add component (AddParameter): Name = "Value"; Value = "104"; VariantName = "[No Variations]"
Added Component: Designator=C10(C 0603)
Add component (AddParameter): Name = "LatestRevisionDate"; Value = "17-Jul-2002"; VariantName = "[No Variations]"
Add component (AddParameter): Name = "LatestRevisionNote"; Value = "Re-released for DXP Platform."; VariantName = "[No Variations]"
Add component (AddParameter): Name = "Published"; Value = "8-Jun-2000"; VariantName = "[No Variations]"
Add component (AddParameter): Name = "Publisher"; Value = "Altium Limited"; VariantName = "[No Variations]"
Add component (AddParameter): Name = "Value"; Value = "104"; VariantName = "[No Variations]"
Added Component: Designator=C11(C 0603)
Add component (AddParameter): Name = "LatestRevisionDate"; Value = "17-Jul-2002"; VariantName = "[No Variations]"
Add component (AddParameter): Name = "LatestRevisionNote"; Value = "Re-released for DXP Platform."; VariantName = "[No Variations]"
Add component (AddParameter): Name = "Published"; Value = "8-Jun-2000"; VariantName = "[No Variations]"
Add component (AddParameter): Name = "Publisher"; Value = "Altium Limited"; VariantName = "[No Variations]"
Add component (AddParameter): Name = "Value"; Value = "104"; VariantName = "[No Variations]"
Added Component: Designator=C12(C 0603)
Add component (AddParameter): Name = "LatestRevisionDate"; Value = "17-Jul-2002"; VariantName = "[No Variations]"
Add component (AddParameter): Name = "LatestRevisionNote"; Value = "Re-released for DXP Platform."; VariantName = "[No Variations]"
Add component (AddParameter): Name = "Published"; Value = "8-Jun-2000"; VariantName = "[No Variations]"
Add component (AddParameter): Name = "Publisher"; Value = "Altium Limited"; VariantName = "[No Variations]"
Add component (AddParameter): Name = "Value"; Value = "104"; VariantName = "[No Variations]"
Added Component: Designator=C13(C 0603)
Add component (AddParameter): Name = "LatestRevisionDate"; Value = "17-Jul-2002"; VariantName = "[No Variations]"
Add component (AddParameter): Name = "LatestRevisionNote"; Value = "Re-released for DXP Platform."; VariantName = "[No Variations]"
Add component (AddParameter): Name = "Published"; Value = "8-Jun-2000"; VariantName = "[No Variations]"
Add component (AddParameter): Name = "Publisher"; Value = "Altium Limited"; VariantName = "[No Variations]"
Add component (AddParameter): Name = "Value"; Value = "104"; VariantName = "[No Variations]"
Added Component: Designator=C14(C 0603)
Add component (AddParameter): Name = "LatestRevisionDate"; Value = "17-Jul-2002"; VariantName = "[No Variations]"
Add component (AddParameter): Name = "LatestRevisionNote"; Value = "Re-released for DXP Platform."; VariantName = "[No Variations]"
Add component (AddParameter): Name = "Published"; Value = "8-Jun-2000"; VariantName = "[No Variations]"
Add component (AddParameter): Name = "Publisher"; Value = "Altium Limited"; VariantName = "[No Variations]"
Add component (AddParameter): Name = "Value"; Value = "104"; VariantName = "[No Variations]"
Added Component: Designator=C15(C 0603)
Add component (AddParameter): Name = "LatestRevisionDate"; Value = "17-Jul-2002"; VariantName = "[No Variations]"
Add component (AddParameter): Name = "LatestRevisionNote"; Value = "Re-released for DXP Platform."; VariantName = "[No Variations]"
Add component (AddParameter): Name = "Published"; Value = "8-Jun-2000"; VariantName = "[No Variations]"
Add component (AddParameter): Name = "Publisher"; Value = "Altium Limited"; VariantName = "[No Variations]"
Add component (AddParameter): Name = "Value"; Value = "104"; VariantName = "[No Variations]"
Added Component: Designator=C16(C 0603)
Add component (AddParameter): Name = "LatestRevisionDate"; Value = "17-Jul-2002"; VariantName = "[No Variations]"
Add component (AddParameter): Name = "LatestRevisionNote"; Value = "Re-released for DXP Platform."; VariantName = "[No Variations]"
Add component (AddParameter): Name = "Published"; Value = "8-Jun-2000"; VariantName = "[No Variations]"
Add component (AddParameter): Name = "Publisher"; Value = "Altium Limited"; VariantName = "[No Variations]"
Add component (AddParameter): Name = "Value"; Value = "104"; VariantName = "[No Variations]"
Added Component: Designator=C17(C 0603)
Add component (AddParameter): Name = "LatestRevisionDate"; Value = "17-Jul-2002"; VariantName = "[No Variations]"
Add component (AddParameter): Name = "LatestRevisionNote"; Value = "Re-released for DXP Platform."; VariantName = "[No Variations]"
Add component (AddParameter): Name = "Published"; Value = "8-Jun-2000"; VariantName = "[No Variations]"
Add component (AddParameter): Name = "Publisher"; Value = "Altium Limited"; VariantName = "[No Variations]"
Add component (AddParameter): Name = "Value"; Value = "104"; VariantName = "[No Variations]"
Added Component: Designator=C18(C 0603)
Add component (AddParameter): Name = "LatestRevisionDate"; Value = "17-Jul-2002"; VariantName = "[No Variations]"
Add component (AddParameter): Name = "LatestRevisionNote"; Value = "Re-released for DXP Platform."; VariantName = "[No Variations]"
Add component (AddParameter): Name = "Published"; Value = "8-Jun-2000"; VariantName = "[No Variations]"
Add component (AddParameter): Name = "Publisher"; Value = "Altium Limited"; VariantName = "[No Variations]"
Add component (AddParameter): Name = "Value"; Value = "104"; VariantName = "[No Variations]"
Added Component: Designator=C19(AVX-1206-2-H1.8_L)
Add component (AddParameter): Name = "Capacitance"; Value = "10¶ÃF"; VariantName = "[No Variations]"
Add component (AddParameter): Name = "Catalog Drawings"; Value = "TAJSeriesSideTAJSeries"; VariantName = "[No Variations]"
Add component (AddParameter): Name = "Category"; Value = "Capacitors"; VariantName = "[No Variations]"
Add component (AddParameter): Name = "Datasheet URL"; Value = "https://datasheet.ciiva.com/26341/559409-da-01-en-tacc-a-3-2-mm-x-1-6-mm-x-1-6-mm-10-uf-26341749.pdf"; VariantName = "[No Variations]"
Add component (AddParameter): Name = "Datasheet Version"; Value = "04/2013"; VariantName = "[No Variations]"
Add component (AddParameter): Name = "EDA / CAD Models"; Value = "DownloadfromAcceleratedDesigns"; VariantName = "[No Variations]"
Add component (AddParameter): Name = "ESR (Equivalent Series Resistance)"; Value = "3Ohm"; VariantName = "[No Variations]"
Add component (AddParameter): Name = "Family"; Value = "TantalumCapacitors"; VariantName = "[No Variations]"
Add component (AddParameter): Name = "Features"; Value = "GeneralPurpose"; VariantName = "[No Variations]"
Add component (AddParameter): Name = "Height - Seated (Max)"; Value = "0.071"(1.80mm)"; VariantName = "[No Variations]"
Add component (AddParameter): Name = "Lead Spacing"; Value = "-"; VariantName = "[No Variations]"
Add component (AddParameter): Name = "Lifetime @ Temp."; Value = "-"; VariantName = "[No Variations]"
Add component (AddParameter): Name = "Manufacturer"; Value = "AVX"; VariantName = "[No Variations]"
Add component (AddParameter): Name = "Manufacturer Size Code"; Value = "A"; VariantName = "[No Variations]"
Add component (AddParameter): Name = "Manufacturer URL"; Value = "http://www.avx.com/"; VariantName = "[No Variations]"
Add component (AddParameter): Name = "Mounting Technology"; Value = "SurfaceMount"; VariantName = "[No Variations]"
Add component (AddParameter): Name = "Mounting Type"; Value = "SurfaceMount"; VariantName = "[No Variations]"
Add component (AddParameter): Name = "Online Catalog"; Value = "TAJSeries"; VariantName = "[No Variations]"
Add component (AddParameter): Name = "Operating Temperature"; Value = "-55°„C~125°„C"; VariantName = "[No Variations]"
Add component (AddParameter): Name = "Other Names"; Value = "478-1654-6"; VariantName = "[No Variations]"
Add component (AddParameter): Name = "Package / Case"; Value = "1206(3216Metric)"; VariantName = "[No Variations]"
Add component (AddParameter): Name = "Package Description"; Value = "2-Pin Chip Capacitor, Body 3.2 x 1.65 mm"; VariantName = "[No Variations]"
Add component (AddParameter): Name = "Package Reference"; Value = "1206"; VariantName = "[No Variations]"
Add component (AddParameter): Name = "Packaging"; Value = "Digi-Reel???"; VariantName = "[No Variations]"
Add component (AddParameter): Name = "PCN Part Number"; Value = "TAJSeriesSuffix08/Dec/2008"; VariantName = "[No Variations]"
Add component (AddParameter): Name = "Product Training Modules"; Value = "ComponentSolutionsforSmartMeterApplications"; VariantName = "[No Variations]"
Add component (AddParameter): Name = "Series"; Value = "TAJ"; VariantName = "[No Variations]"
Add component (AddParameter): Name = "Size / Dimension"; Value = "0.126"Lx0.063"W(3.20mmx1.60mm)"; VariantName = "[No Variations]"
Add component (AddParameter): Name = "Standard Package"; Value = "1"; VariantName = "[No Variations]"
Add component (AddParameter): Name = "Tolerance"; Value = "°¿10%"; VariantName = "[No Variations]"
Add component (AddParameter): Name = "Type"; Value = "Molded"; VariantName = "[No Variations]"
Add component (AddParameter): Name = "Voltage - Rated"; Value = "10V"; VariantName = "[No Variations]"
Add component (AddParameter): Name = "Voltage Rating DC"; Value = "10V"; VariantName = "[No Variations]"
Added Component: Designator=C20(AVX-1206-2-H1.8_L)
Add component (AddParameter): Name = "Capacitance"; Value = "10¶ÃF"; VariantName = "[No Variations]"
Add component (AddParameter): Name = "Catalog Drawings"; Value = "TAJSeriesSideTAJSeries"; VariantName = "[No Variations]"
Add component (AddParameter): Name = "Category"; Value = "Capacitors"; VariantName = "[No Variations]"
Add component (AddParameter): Name = "Datasheet URL"; Value = "https://datasheet.ciiva.com/26341/559409-da-01-en-tacc-a-3-2-mm-x-1-6-mm-x-1-6-mm-10-uf-26341749.pdf"; VariantName = "[No Variations]"
Add component (AddParameter): Name = "Datasheet Version"; Value = "04/2013"; VariantName = "[No Variations]"
Add component (AddParameter): Name = "EDA / CAD Models"; Value = "DownloadfromAcceleratedDesigns"; VariantName = "[No Variations]"
Add component (AddParameter): Name = "ESR (Equivalent Series Resistance)"; Value = "3Ohm"; VariantName = "[No Variations]"
Add component (AddParameter): Name = "Family"; Value = "TantalumCapacitors"; VariantName = "[No Variations]"
Add component (AddParameter): Name = "Features"; Value = "GeneralPurpose"; VariantName = "[No Variations]"
Add component (AddParameter): Name = "Height - Seated (Max)"; Value = "0.071"(1.80mm)"; VariantName = "[No Variations]"
Add component (AddParameter): Name = "Lead Spacing"; Value = "-"; VariantName = "[No Variations]"
Add component (AddParameter): Name = "Lifetime @ Temp."; Value = "-"; VariantName = "[No Variations]"
Add component (AddParameter): Name = "Manufacturer"; Value = "AVX"; VariantName = "[No Variations]"
Add component (AddParameter): Name = "Manufacturer Size Code"; Value = "A"; VariantName = "[No Variations]"
Add component (AddParameter): Name = "Manufacturer URL"; Value = "http://www.avx.com/"; VariantName = "[No Variations]"
Add component (AddParameter): Name = "Mounting Technology"; Value = "SurfaceMount"; VariantName = "[No Variations]"
Add component (AddParameter): Name = "Mounting Type"; Value = "SurfaceMount"; VariantName = "[No Variations]"
Add component (AddParameter): Name = "Online Catalog"; Value = "TAJSeries"; VariantName = "[No Variations]"
Add component (AddParameter): Name = "Operating Temperature"; Value = "-55°„C~125°„C"; VariantName = "[No Variations]"
Add component (AddParameter): Name = "Other Names"; Value = "478-1654-6"; VariantName = "[No Variations]"
Add component (AddParameter): Name = "Package / Case"; Value = "1206(3216Metric)"; VariantName = "[No Variations]"
Add component (AddParameter): Name = "Package Description"; Value = "2-Pin Chip Capacitor, Body 3.2 x 1.65 mm"; VariantName = "[No Variations]"
Add component (AddParameter): Name = "Package Reference"; Value = "1206"; VariantName = "[No Variations]"
Add component (AddParameter): Name = "Packaging"; Value = "Digi-Reel???"; VariantName = "[No Variations]"
Add component (AddParameter): Name = "PCN Part Number"; Value = "TAJSeriesSuffix08/Dec/2008"; VariantName = "[No Variations]"
Add component (AddParameter): Name = "Product Training Modules"; Value = "ComponentSolutionsforSmartMeterApplications"; VariantName = "[No Variations]"
Add component (AddParameter): Name = "Series"; Value = "TAJ"; VariantName = "[No Variations]"
Add component (AddParameter): Name = "Size / Dimension"; Value = "0.126"Lx0.063"W(3.20mmx1.60mm)"; VariantName = "[No Variations]"
Add component (AddParameter): Name = "Standard Package"; Value = "1"; VariantName = "[No Variations]"
Add component (AddParameter): Name = "Tolerance"; Value = "°¿10%"; VariantName = "[No Variations]"
Add component (AddParameter): Name = "Type"; Value = "Molded"; VariantName = "[No Variations]"
Add component (AddParameter): Name = "Voltage - Rated"; Value = "10V"; VariantName = "[No Variations]"
Add component (AddParameter): Name = "Voltage Rating DC"; Value = "10V"; VariantName = "[No Variations]"
Added Component: Designator=D1(LED 0805G)
Added Component: Designator=D2(LED 0805G)
Added Component: Designator=D3(LED 0805G)
Added Component: Designator=P1(HDR1X3)
Add component (AddParameter): Name = "LatestRevisionDate"; Value = "17-Jul-2002"; VariantName = "[No Variations]"
Add component (AddParameter): Name = "LatestRevisionNote"; Value = "Re-released for DXP Platform."; VariantName = "[No Variations]"
Add component (AddParameter): Name = "Publisher"; Value = "Altium Limited"; VariantName = "[No Variations]"
Added Component: Designator=P2(HDR1X4)
Add component (AddParameter): Name = "LatestRevisionDate"; Value = "17-Jul-2002"; VariantName = "[No Variations]"
Add component (AddParameter): Name = "LatestRevisionNote"; Value = "Re-released for DXP Platform."; VariantName = "[No Variations]"
Add component (AddParameter): Name = "Publisher"; Value = "Altium Limited"; VariantName = "[No Variations]"
Added Component: Designator=P3(HDR1X6)
Add component (AddParameter): Name = "LatestRevisionDate"; Value = "17-Jul-2002"; VariantName = "[No Variations]"
Add component (AddParameter): Name = "LatestRevisionNote"; Value = "Re-released for DXP Platform."; VariantName = "[No Variations]"
Add component (AddParameter): Name = "Publisher"; Value = "Altium Limited"; VariantName = "[No Variations]"
Added Component: Designator=R1(J1-0603)
Add component (AddParameter): Name = "LatestRevisionDate"; Value = "29-May-2009"; VariantName = "[No Variations]"
Add component (AddParameter): Name = "LatestRevisionNote"; Value = "IPC-7351 Footprint Added."; VariantName = "[No Variations]"
Add component (AddParameter): Name = "PackageDescription"; Value = "Chip Resistor"; VariantName = "[No Variations]"
Add component (AddParameter): Name = "PackageReference"; Value = "J1-0603"; VariantName = "[No Variations]"
Add component (AddParameter): Name = "Published"; Value = "8-Jun-2000"; VariantName = "[No Variations]"
Add component (AddParameter): Name = "Publisher"; Value = "Altium Limited"; VariantName = "[No Variations]"
Add component (AddParameter): Name = "Value"; Value = "10K"; VariantName = "[No Variations]"
Added Component: Designator=R2(J1-0603)
Add component (AddParameter): Name = "LatestRevisionDate"; Value = "29-May-2009"; VariantName = "[No Variations]"
Add component (AddParameter): Name = "LatestRevisionNote"; Value = "IPC-7351 Footprint Added."; VariantName = "[No Variations]"
Add component (AddParameter): Name = "PackageDescription"; Value = "Chip Resistor"; VariantName = "[No Variations]"
Add component (AddParameter): Name = "PackageReference"; Value = "J1-0603"; VariantName = "[No Variations]"
Add component (AddParameter): Name = "Published"; Value = "8-Jun-2000"; VariantName = "[No Variations]"
Add component (AddParameter): Name = "Publisher"; Value = "Altium Limited"; VariantName = "[No Variations]"
Add component (AddParameter): Name = "Value"; Value = "10K"; VariantName = "[No Variations]"
Added Component: Designator=R3(J1-0603)
Add component (AddParameter): Name = "LatestRevisionDate"; Value = "29-May-2009"; VariantName = "[No Variations]"
Add component (AddParameter): Name = "LatestRevisionNote"; Value = "IPC-7351 Footprint Added."; VariantName = "[No Variations]"
Add component (AddParameter): Name = "PackageDescription"; Value = "Chip Resistor"; VariantName = "[No Variations]"
Add component (AddParameter): Name = "PackageReference"; Value = "J1-0603"; VariantName = "[No Variations]"
Add component (AddParameter): Name = "Published"; Value = "8-Jun-2000"; VariantName = "[No Variations]"
Add component (AddParameter): Name = "Publisher"; Value = "Altium Limited"; VariantName = "[No Variations]"
Add component (AddParameter): Name = "Value"; Value = "10K"; VariantName = "[No Variations]"
Added Component: Designator=R4(J1-0603)
Add component (AddParameter): Name = "LatestRevisionDate"; Value = "29-May-2009"; VariantName = "[No Variations]"
Add component (AddParameter): Name = "LatestRevisionNote"; Value = "IPC-7351 Footprint Added."; VariantName = "[No Variations]"
Add component (AddParameter): Name = "PackageDescription"; Value = "Chip Resistor"; VariantName = "[No Variations]"
Add component (AddParameter): Name = "PackageReference"; Value = "J1-0603"; VariantName = "[No Variations]"
Add component (AddParameter): Name = "Published"; Value = "8-Jun-2000"; VariantName = "[No Variations]"
Add component (AddParameter): Name = "Publisher"; Value = "Altium Limited"; VariantName = "[No Variations]"
Add component (AddParameter): Name = "Value"; Value = "10K"; VariantName = "[No Variations]"
Added Component: Designator=R5(J1-0603)
Add component (AddParameter): Name = "LatestRevisionDate"; Value = "29-May-2009"; VariantName = "[No Variations]"
Add component (AddParameter): Name = "LatestRevisionNote"; Value = "IPC-7351 Footprint Added."; VariantName = "[No Variations]"
Add component (AddParameter): Name = "PackageDescription"; Value = "Chip Resistor"; VariantName = "[No Variations]"
Add component (AddParameter): Name = "PackageReference"; Value = "J1-0603"; VariantName = "[No Variations]"
Add component (AddParameter): Name = "Published"; Value = "8-Jun-2000"; VariantName = "[No Variations]"
Add component (AddParameter): Name = "Publisher"; Value = "Altium Limited"; VariantName = "[No Variations]"
Add component (AddParameter): Name = "Value"; Value = "1.2K"; VariantName = "[No Variations]"
Added Component: Designator=R6(J1-0603)
Add component (AddParameter): Name = "LatestRevisionDate"; Value = "29-May-2009"; VariantName = "[No Variations]"
Add component (AddParameter): Name = "LatestRevisionNote"; Value = "IPC-7351 Footprint Added."; VariantName = "[No Variations]"
Add component (AddParameter): Name = "PackageDescription"; Value = "Chip Resistor"; VariantName = "[No Variations]"
Add component (AddParameter): Name = "PackageReference"; Value = "J1-0603"; VariantName = "[No Variations]"
Add component (AddParameter): Name = "Published"; Value = "8-Jun-2000"; VariantName = "[No Variations]"
Add component (AddParameter): Name = "Publisher"; Value = "Altium Limited"; VariantName = "[No Variations]"
Add component (AddParameter): Name = "Value"; Value = "22R"; VariantName = "[No Variations]"
Added Component: Designator=R7(J1-0603)
Add component (AddParameter): Name = "LatestRevisionDate"; Value = "29-May-2009"; VariantName = "[No Variations]"
Add component (AddParameter): Name = "LatestRevisionNote"; Value = "IPC-7351 Footprint Added."; VariantName = "[No Variations]"
Add component (AddParameter): Name = "PackageDescription"; Value = "Chip Resistor"; VariantName = "[No Variations]"
Add component (AddParameter): Name = "PackageReference"; Value = "J1-0603"; VariantName = "[No Variations]"
Add component (AddParameter): Name = "Published"; Value = "8-Jun-2000"; VariantName = "[No Variations]"
Add component (AddParameter): Name = "Publisher"; Value = "Altium Limited"; VariantName = "[No Variations]"
Add component (AddParameter): Name = "Value"; Value = "22R"; VariantName = "[No Variations]"
Added Component: Designator=R8(J1-0603)
Add component (AddParameter): Name = "LatestRevisionDate"; Value = "29-May-2009"; VariantName = "[No Variations]"
Add component (AddParameter): Name = "LatestRevisionNote"; Value = "IPC-7351 Footprint Added."; VariantName = "[No Variations]"
Add component (AddParameter): Name = "PackageDescription"; Value = "Chip Resistor"; VariantName = "[No Variations]"
Add component (AddParameter): Name = "PackageReference"; Value = "J1-0603"; VariantName = "[No Variations]"
Add component (AddParameter): Name = "Published"; Value = "8-Jun-2000"; VariantName = "[No Variations]"
Add component (AddParameter): Name = "Publisher"; Value = "Altium Limited"; VariantName = "[No Variations]"
Add component (AddParameter): Name = "Value"; Value = "4.7K"; VariantName = "[No Variations]"
Added Component: Designator=R9(J1-0603)
Add component (AddParameter): Name = "LatestRevisionDate"; Value = "29-May-2009"; VariantName = "[No Variations]"
Add component (AddParameter): Name = "LatestRevisionNote"; Value = "IPC-7351 Footprint Added."; VariantName = "[No Variations]"
Add component (AddParameter): Name = "PackageDescription"; Value = "Chip Resistor"; VariantName = "[No Variations]"
Add component (AddParameter): Name = "PackageReference"; Value = "J1-0603"; VariantName = "[No Variations]"
Add component (AddParameter): Name = "Published"; Value = "8-Jun-2000"; VariantName = "[No Variations]"
Add component (AddParameter): Name = "Publisher"; Value = "Altium Limited"; VariantName = "[No Variations]"
Add component (AddParameter): Name = "Value"; Value = "4.7K"; VariantName = "[No Variations]"
Added Component: Designator=SW1(TSW SMD-3*6*2.5)
Added Component: Designator=U1(STM-LQFP100_M)
Add component (AddParameter): Name = "ComponentLink1Description"; Value = "Manufacturer URL"; VariantName = "[No Variations]"
Add component (AddParameter): Name = "ComponentLink1URL"; Value = "http://www.st.com/web/en/home.html"; VariantName = "[No Variations]"
Add component (AddParameter): Name = "ComponentLink2Description"; Value = "Datasheet"; VariantName = "[No Variations]"
Add component (AddParameter): Name = "ComponentLink2URL"; Value = "http://www.st.com/st-web-ui/static/active/en/resource/technical/document/datasheet/DM00037051.pdf"; VariantName = "[No Variations]"
Add component (AddParameter): Name = "ComponentLink3Description"; Value = "Package Specification"; VariantName = "[No Variations]"
Add component (AddParameter): Name = "ComponentLink3URL"; Value = "http://www.st.com/st-web-ui/static/active/en/resource/technical/document/data_brief/DM00071938.pdf"; VariantName = "[No Variations]"
Add component (AddParameter): Name = "Core"; Value = "ARM Cortex-M4"; VariantName = "[No Variations]"
Add component (AddParameter): Name = "D/A Converter"; Value = "2x12-bit"; VariantName = "[No Variations]"
Add component (AddParameter): Name = "DatasheetVersion"; Value = "Rev. 4"; VariantName = "[No Variations]"
Add component (AddParameter): Name = "FLASH Size (Prog) (kB)"; Value = "512"; VariantName = "[No Variations]"
Add component (AddParameter): Name = "I/Os (High Current)"; Value = "82"; VariantName = "[No Variations]"
Add component (AddParameter): Name = "Internal RAM Size (kB)"; Value = "192"; VariantName = "[No Variations]"
Add component (AddParameter): Name = "Manufacturer"; Value = "STMicroelectronics"; VariantName = "[No Variations]"
Add component (AddParameter): Name = "Mounting Technology"; Value = "Surface Mount"; VariantName = "[No Variations]"
Add component (AddParameter): Name = "Operating Frequency(F) (Processor speed) (MHz)"; Value = "168"; VariantName = "[No Variations]"
Add component (AddParameter): Name = "PackageDescription"; Value = "100-Pin Low Profile Quad Flat Package, 14 x 14 mm Body, 0.5 mm Pitch"; VariantName = "[No Variations]"
Add component (AddParameter): Name = "PackageReference"; Value = "LQFP100"; VariantName = "[No Variations]"
Add component (AddParameter): Name = "PackageVersion"; Value = "Rev. 1, 06/2013"; VariantName = "[No Variations]"
Add component (AddParameter): Name = "Packing"; Value = "Tray"; VariantName = "[No Variations]"
Add component (AddParameter): Name = "PartNumber"; Value = "STM32F407VET6"; VariantName = "[No Variations]"
Add component (AddParameter): Name = "Supply Voltage(Vcc) max (V)"; Value = "3.6"; VariantName = "[No Variations]"
Add component (AddParameter): Name = "Supply Voltage(Vcc) min (V)"; Value = "1.8"; VariantName = "[No Variations]"
Added Component: Designator=U2(SOT23-5L)
Add component (AddParameter): Name = "ICA_MFR_NAME"; Value = "RICHTEK"; VariantName = "[No Variations]"
Add component (AddParameter): Name = "ICA_PARTNUM"; Value = "$$2191094$$RT9193-15CU5"; VariantName = "[No Variations]"
Add component (AddParameter): Name = "Part Number"; Value = "TMP-13"; VariantName = "[No Variations]"
Added Component: Designator=U3(INSE-QFN-24-1700X1540TP_M)
Add component (AddParameter): Name = "Case/Package"; Value = "QFN"; VariantName = "[No Variations]"
Add component (AddParameter): Name = "Datasheet URL"; Value = "http://datasheet.octopart.com/MPU-9250-InvenSense-datasheet-21859386.pdf"; VariantName = "[No Variations]"
Add component (AddParameter): Name = "Datasheet Version"; Value = "Rev. 1.0, 01/2014"; VariantName = "[No Variations]"
Add component (AddParameter): Name = "Height"; Value = "1mm"; VariantName = "[No Variations]"
Add component (AddParameter): Name = "Length"; Value = "3.1mm"; VariantName = "[No Variations]"
Add component (AddParameter): Name = "Manufacturer"; Value = "InvenSense"; VariantName = "[No Variations]"
Add component (AddParameter): Name = "Manufacturer URL"; Value = "http://www.invensense.com/"; VariantName = "[No Variations]"
Add component (AddParameter): Name = "Max Operating Temperature"; Value = "85degC"; VariantName = "[No Variations]"
Add component (AddParameter): Name = "Max Supply Voltage"; Value = "3.6V"; VariantName = "[No Variations]"
Add component (AddParameter): Name = "Min Operating Temperature"; Value = "-40degC"; VariantName = "[No Variations]"
Add component (AddParameter): Name = "Min Supply Voltage"; Value = "2.4V"; VariantName = "[No Variations]"
Add component (AddParameter): Name = "Mount"; Value = "SurfaceMount"; VariantName = "[No Variations]"
Add component (AddParameter): Name = "Package Description"; Value = "24-Pin Quad Flat No-lead Package, Body 3 x 3 mm, Pitch 0.4 mm"; VariantName = "[No Variations]"
Add component (AddParameter): Name = "Package Quantity"; Value = "1"; VariantName = "[No Variations]"
Add component (AddParameter): Name = "Package Reference"; Value = "QFN-24"; VariantName = "[No Variations]"
Add component (AddParameter): Name = "RoHSCompliant"; Value = "true"; VariantName = "[No Variations]"
Add component (AddParameter): Name = "Width"; Value = "3.1mm"; VariantName = "[No Variations]"
Added Component: Designator=U4(MSI-MS561101BA03-50-8_V)
Add component (AddParameter): Name = "Connection Size"; Value = "0.5mm"; VariantName = "[No Variations]"
Add component (AddParameter): Name = "Datasheet URL"; Value = "http://www.te.com/commerce/DocumentDelivery/DDEController?Action=srchrtrv&DocNm=MS5611-01BA03&DocType=Data+Sheet&DocLang=English&DocFormat=pdf&PartCntxt=CAT-BLPS0036"; VariantName = "[No Variations]"
Add component (AddParameter): Name = "Datasheet Version"; Value = "Sep-15"; VariantName = "[No Variations]"
Add component (AddParameter): Name = "Manufacturer"; Value = "Measurement Specialties"; VariantName = "[No Variations]"
Add component (AddParameter): Name = "Manufacturer URL"; Value = "http://www.meas-spec.com/"; VariantName = "[No Variations]"
Add component (AddParameter): Name = "No. of Pins"; Value = "8"; VariantName = "[No Variations]"
Add component (AddParameter): Name = "Operating Pressure Max"; Value = "1200mbar"; VariantName = "[No Variations]"
Add component (AddParameter): Name = "Operating Pressure Min"; Value = "10mbar"; VariantName = "[No Variations]"
Add component (AddParameter): Name = "Operating Temperature Max"; Value = "85degC"; VariantName = "[No Variations]"
Add component (AddParameter): Name = "Operating Temperature Min"; Value = "-40degC"; VariantName = "[No Variations]"
Add component (AddParameter): Name = "Package Description"; Value = "8-Pin Surface Mount Device, Body 5 x 3 mm, Pitch 1.25 mm"; VariantName = "[No Variations]"
Add component (AddParameter): Name = "Package Reference"; Value = "MS561101BA03-50-8"; VariantName = "[No Variations]"
Add component (AddParameter): Name = "Pressure Type"; Value = "Barometric"; VariantName = "[No Variations]"
Add component (AddParameter): Name = "Sensor Case Style"; Value = "QFN"; VariantName = "[No Variations]"
Add component (AddParameter): Name = "Supply Current"; Value = "12.5¶ÃA"; VariantName = "[No Variations]"
Add component (AddParameter): Name = "Supply Voltage Max"; Value = "3.6V"; VariantName = "[No Variations]"
Add component (AddParameter): Name = "Supply Voltage Min"; Value = "1.8V"; VariantName = "[No Variations]"
Add component (AddParameter): Name = "SVHC"; Value = "NoSVHC(20-Jun-2013)"; VariantName = "[No Variations]"
Added Component: Designator=Y1(XTAL-49S DIP)
Add component (AddParameter): Name = "LatestRevisionDate"; Value = "17-Jul-2002"; VariantName = "[No Variations]"
Add component (AddParameter): Name = "LatestRevisionNote"; Value = "Re-released for DXP Platform."; VariantName = "[No Variations]"
Add component (AddParameter): Name = "PackageDescription"; Value = "Crystal, Thru-Hole; 2 Leads; Body 3.1 x 8.2 mm (Dia.xH)"; VariantName = "[No Variations]"
Add component (AddParameter): Name = "PackageReference"; Value = "R38"; VariantName = "[No Variations]"
Add component (AddParameter): Name = "Published"; Value = "8-Jun-2000"; VariantName = "[No Variations]"
Add component (AddParameter): Name = "Publisher"; Value = "Altium Limited"; VariantName = "[No Variations]"
Added Pin To Net: NetName=BOOT0 Pin=R1-1
Added Pin To Net: NetName=BOOT0 Pin=U1-94
Added Net: Name=BOOT0
Added Pin To Net: NetName=GND Pin=*1-1
Added Pin To Net: NetName=GND Pin=*1-12
Added Pin To Net: NetName=GND Pin=C1-1
Added Pin To Net: NetName=GND Pin=C2-1
Added Pin To Net: NetName=GND Pin=C3-1
Added Pin To Net: NetName=GND Pin=C4-2
Added Pin To Net: NetName=GND Pin=C5-2
Added Pin To Net: NetName=GND Pin=C6-1
Added Pin To Net: NetName=GND Pin=C7-1
Added Pin To Net: NetName=GND Pin=C8-1
Added Pin To Net: NetName=GND Pin=C9-1
Added Pin To Net: NetName=GND Pin=C10-1
Added Pin To Net: NetName=GND Pin=C11-1
Added Pin To Net: NetName=GND Pin=C12-1
Added Pin To Net: NetName=GND Pin=C13-1
Added Pin To Net: NetName=GND Pin=C14-1
Added Pin To Net: NetName=GND Pin=C15-1
Added Pin To Net: NetName=GND Pin=C16-1
Added Pin To Net: NetName=GND Pin=C17-1
Added Pin To Net: NetName=GND Pin=C18-1
Added Pin To Net: NetName=GND Pin=C19-2
Added Pin To Net: NetName=GND Pin=C20-2
Added Pin To Net: NetName=GND Pin=D1-2
Added Pin To Net: NetName=GND Pin=P1-3
Added Pin To Net: NetName=GND Pin=P2-4
Added Pin To Net: NetName=GND Pin=P3-1
Added Pin To Net: NetName=GND Pin=SW1-1
Added Pin To Net: NetName=GND Pin=U1-10
Added Pin To Net: NetName=GND Pin=U1-20
Added Pin To Net: NetName=GND Pin=U1-27
Added Pin To Net: NetName=GND Pin=U1-74
Added Pin To Net: NetName=GND Pin=U1-99
Added Pin To Net: NetName=GND Pin=U2-2
Added Pin To Net: NetName=GND Pin=U3-11
Added Pin To Net: NetName=GND Pin=U3-18
Added Pin To Net: NetName=GND Pin=U3-20
Added Pin To Net: NetName=GND Pin=U3-25
Added Pin To Net: NetName=GND Pin=U4-3
Added Pin To Net: NetName=GND Pin=U4-4
Added Pin To Net: NetName=GND Pin=U4-5
Added Net: Name=GND
Added Pin To Net: NetName=INT Pin=U1-95
Added Pin To Net: NetName=INT Pin=U3-12
Added Net: Name=INT
Added Pin To Net: NetName=MPU_19 Pin=U3-19
Added Net: Name=MPU_19
Added Pin To Net: NetName=MPU_SDO Pin=U3-9
Added Net: Name=MPU_SDO
Added Pin To Net: NetName=MS_SDO Pin=U4-6
Added Net: Name=MS_SDO
Added Pin To Net: NetName=Net*1_5 Pin=*1-5
Added Pin To Net: NetName=Net*1_5 Pin=*1-7
Added Pin To Net: NetName=Net*1_5 Pin=R7-1
Added Net: Name=Net*1_5
Added Pin To Net: NetName=Net*1_6 Pin=*1-6
Added Pin To Net: NetName=Net*1_6 Pin=*1-8
Added Pin To Net: NetName=Net*1_6 Pin=R6-1
Added Net: Name=Net*1_6
Added Pin To Net: NetName=NetC14_2 Pin=C14-2
Added Pin To Net: NetName=NetC14_2 Pin=U1-49
Added Net: Name=NetC14_2
Added Pin To Net: NetName=NetC15_2 Pin=C15-2
Added Pin To Net: NetName=NetC15_2 Pin=U1-73
Added Net: Name=NetC15_2
Added Pin To Net: NetName=NetC17_2 Pin=C17-2
Added Pin To Net: NetName=NetC17_2 Pin=U3-10
Added Net: Name=NetC17_2
Added Pin To Net: NetName=NetD1_1 Pin=D1-1
Added Pin To Net: NetName=NetD1_1 Pin=R2-1
Added Net: Name=NetD1_1
Added Pin To Net: NetName=NetD2_1 Pin=D2-1
Added Pin To Net: NetName=NetD2_1 Pin=R3-1
Added Net: Name=NetD2_1
Added Pin To Net: NetName=NetD3_1 Pin=D3-1
Added Pin To Net: NetName=NetD3_1 Pin=R4-1
Added Net: Name=NetD3_1
Added Pin To Net: NetName=NetP1_2 Pin=P1-2
Added Pin To Net: NetName=NetP1_2 Pin=R1-2
Added Net: Name=NetP1_2
Added Pin To Net: NetName=OSCIN Pin=C4-1
Added Pin To Net: NetName=OSCIN Pin=U1-12
Added Pin To Net: NetName=OSCIN Pin=Y1-1
Added Net: Name=OSCIN
Added Pin To Net: NetName=OSCOUT Pin=C5-1
Added Pin To Net: NetName=OSCOUT Pin=U1-13
Added Pin To Net: NetName=OSCOUT Pin=Y1-2
Added Net: Name=OSCOUT
Added Pin To Net: NetName=PA0 Pin=U1-23
Added Net: Name=PA0
Added Pin To Net: NetName=PA1 Pin=U1-24
Added Net: Name=PA1
Added Pin To Net: NetName=PA2 Pin=U1-25
Added Net: Name=PA2
Added Pin To Net: NetName=PA3 Pin=U1-26
Added Net: Name=PA3
Added Pin To Net: NetName=PA4 Pin=U1-29
Added Net: Name=PA4
Added Pin To Net: NetName=PA5 Pin=U1-30
Added Net: Name=PA5
Added Pin To Net: NetName=PA6 Pin=U1-31
Added Net: Name=PA6
Added Pin To Net: NetName=PA7 Pin=U1-32
Added Net: Name=PA7
Added Pin To Net: NetName=PA8 Pin=U1-67
Added Net: Name=PA8
Added Pin To Net: NetName=PA11 Pin=R7-2
Added Pin To Net: NetName=PA11 Pin=U1-70
Added Net: Name=PA11
Added Pin To Net: NetName=PA12 Pin=R5-1
Added Pin To Net: NetName=PA12 Pin=R6-2
Added Pin To Net: NetName=PA12 Pin=U1-71
Added Net: Name=PA12
Added Pin To Net: NetName=PA15 Pin=U1-77
Added Net: Name=PA15
Added Pin To Net: NetName=PB0 Pin=U1-35
Added Net: Name=PB0
Added Pin To Net: NetName=PB1 Pin=U1-36
Added Net: Name=PB1
Added Pin To Net: NetName=PB2 Pin=U1-37
Added Net: Name=PB2
Added Pin To Net: NetName=PB3 Pin=U1-89
Added Net: Name=PB3
Added Pin To Net: NetName=PB4 Pin=U1-90
Added Net: Name=PB4
Added Pin To Net: NetName=PB5 Pin=U1-91
Added Net: Name=PB5
Added Pin To Net: NetName=PB9 Pin=U1-96
Added Net: Name=PB9
Added Pin To Net: NetName=PB10 Pin=U1-47
Added Net: Name=PB10
Added Pin To Net: NetName=PB11 Pin=U1-48
Added Net: Name=PB11
Added Pin To Net: NetName=PB12 Pin=U1-51
Added Net: Name=PB12
Added Pin To Net: NetName=PB13 Pin=U1-52
Added Net: Name=PB13
Added Pin To Net: NetName=PB14 Pin=U1-53
Added Net: Name=PB14
Added Pin To Net: NetName=PB15 Pin=U1-54
Added Net: Name=PB15
Added Pin To Net: NetName=PC0 Pin=U1-15
Added Net: Name=PC0
Added Pin To Net: NetName=PC1 Pin=U1-16
Added Net: Name=PC1
Added Pin To Net: NetName=PC2 Pin=U1-17
Added Net: Name=PC2
Added Pin To Net: NetName=PC3 Pin=U1-18
Added Net: Name=PC3
Added Pin To Net: NetName=PC4 Pin=U1-33
Added Net: Name=PC4
Added Pin To Net: NetName=PC5 Pin=U1-34
Added Net: Name=PC5
Added Pin To Net: NetName=PC6 Pin=U1-63
Added Net: Name=PC6
Added Pin To Net: NetName=PC7 Pin=U1-64
Added Net: Name=PC7
Added Pin To Net: NetName=PC8 Pin=U1-65
Added Net: Name=PC8
Added Pin To Net: NetName=PC9 Pin=U1-66
Added Net: Name=PC9
Added Pin To Net: NetName=PC10 Pin=U1-78
Added Net: Name=PC10
Added Pin To Net: NetName=PC11 Pin=U1-79
Added Net: Name=PC11
Added Pin To Net: NetName=PC12 Pin=D3-2
Added Pin To Net: NetName=PC12 Pin=U1-80
Added Net: Name=PC12
Added Pin To Net: NetName=PC13 Pin=D2-2
Added Pin To Net: NetName=PC13 Pin=U1-7
Added Net: Name=PC13
Added Pin To Net: NetName=PC14 Pin=U1-8
Added Net: Name=PC14
Added Pin To Net: NetName=PC15 Pin=U1-9
Added Net: Name=PC15
Added Pin To Net: NetName=PD0 Pin=U1-81
Added Net: Name=PD0
Added Pin To Net: NetName=PD1 Pin=U1-82
Added Net: Name=PD1
Added Pin To Net: NetName=PD2 Pin=U1-83
Added Net: Name=PD2
Added Pin To Net: NetName=PD3 Pin=U1-84
Added Net: Name=PD3
Added Pin To Net: NetName=PD4 Pin=U1-85
Added Net: Name=PD4
Added Pin To Net: NetName=PD5 Pin=U1-86
Added Net: Name=PD5
Added Pin To Net: NetName=PD6 Pin=U1-87
Added Net: Name=PD6
Added Pin To Net: NetName=PD7 Pin=U1-88
Added Net: Name=PD7
Added Pin To Net: NetName=PD8 Pin=U1-55
Added Net: Name=PD8
Added Pin To Net: NetName=PD9 Pin=U1-56
Added Net: Name=PD9
Added Pin To Net: NetName=PD10 Pin=U1-57
Added Net: Name=PD10
Added Pin To Net: NetName=PD11 Pin=U1-58
Added Net: Name=PD11
Added Pin To Net: NetName=PD12 Pin=U1-59
Added Net: Name=PD12
Added Pin To Net: NetName=PD13 Pin=U1-60
Added Net: Name=PD13
Added Pin To Net: NetName=PD14 Pin=U1-61
Added Net: Name=PD14
Added Pin To Net: NetName=PD15 Pin=U1-62
Added Net: Name=PD15
Added Pin To Net: NetName=PE0 Pin=U1-97
Added Net: Name=PE0
Added Pin To Net: NetName=PE1 Pin=U1-98
Added Net: Name=PE1
Added Pin To Net: NetName=PE2 Pin=U1-1
Added Net: Name=PE2
Added Pin To Net: NetName=PE3 Pin=U1-2
Added Net: Name=PE3
Added Pin To Net: NetName=PE4 Pin=U1-3
Added Net: Name=PE4
Added Pin To Net: NetName=PE5 Pin=U1-4
Added Net: Name=PE5
Added Pin To Net: NetName=PE6 Pin=U1-5
Added Net: Name=PE6
Added Pin To Net: NetName=PE7 Pin=U1-38
Added Net: Name=PE7
Added Pin To Net: NetName=PE8 Pin=U1-39
Added Net: Name=PE8
Added Pin To Net: NetName=PE9 Pin=U1-40
Added Net: Name=PE9
Added Pin To Net: NetName=PE10 Pin=U1-41
Added Net: Name=PE10
Added Pin To Net: NetName=PE11 Pin=U1-42
Added Net: Name=PE11
Added Pin To Net: NetName=PE12 Pin=U1-43
Added Net: Name=PE12
Added Pin To Net: NetName=PE13 Pin=U1-44
Added Net: Name=PE13
Added Pin To Net: NetName=PE14 Pin=U1-45
Added Net: Name=PE14
Added Pin To Net: NetName=PE15 Pin=U1-46
Added Net: Name=PE15
Added Pin To Net: NetName=RESET Pin=C1-2
Added Pin To Net: NetName=RESET Pin=SW1-2
Added Pin To Net: NetName=RESET Pin=U1-14
Added Net: Name=RESET
Added Pin To Net: NetName=RX1 Pin=P3-6
Added Pin To Net: NetName=RX1 Pin=U1-69
Added Net: Name=RX1
Added Pin To Net: NetName=SCL Pin=P3-4
Added Pin To Net: NetName=SCL Pin=R9-2
Added Pin To Net: NetName=SCL Pin=U1-93
Added Pin To Net: NetName=SCL Pin=U3-23
Added Pin To Net: NetName=SCL Pin=U4-8
Added Net: Name=SCL
Added Pin To Net: NetName=SDA Pin=P3-3
Added Pin To Net: NetName=SDA Pin=R8-2
Added Pin To Net: NetName=SDA Pin=U1-92
Added Pin To Net: NetName=SDA Pin=U3-24
Added Pin To Net: NetName=SDA Pin=U4-7
Added Net: Name=SDA
Added Pin To Net: NetName=SWDCLK Pin=P2-3
Added Pin To Net: NetName=SWDCLK Pin=U1-76
Added Net: Name=SWDCLK
Added Pin To Net: NetName=SWDIO Pin=P2-2
Added Pin To Net: NetName=SWDIO Pin=U1-72
Added Net: Name=SWDIO
Added Pin To Net: NetName=TX1 Pin=P3-5
Added Pin To Net: NetName=TX1 Pin=U1-68
Added Net: Name=TX1
Added Pin To Net: NetName=VCC3V3 Pin=C3-2
Added Pin To Net: NetName=VCC3V3 Pin=C6-2
Added Pin To Net: NetName=VCC3V3 Pin=C7-2
Added Pin To Net: NetName=VCC3V3 Pin=C8-2
Added Pin To Net: NetName=VCC3V3 Pin=C9-2
Added Pin To Net: NetName=VCC3V3 Pin=C10-2
Added Pin To Net: NetName=VCC3V3 Pin=C11-2
Added Pin To Net: NetName=VCC3V3 Pin=C12-2
Added Pin To Net: NetName=VCC3V3 Pin=C13-2
Added Pin To Net: NetName=VCC3V3 Pin=C16-2
Added Pin To Net: NetName=VCC3V3 Pin=C18-2
Added Pin To Net: NetName=VCC3V3 Pin=C19-1
Added Pin To Net: NetName=VCC3V3 Pin=C20-1
Added Pin To Net: NetName=VCC3V3 Pin=P1-1
Added Pin To Net: NetName=VCC3V3 Pin=P2-1
Added Pin To Net: NetName=VCC3V3 Pin=P3-2
Added Pin To Net: NetName=VCC3V3 Pin=R2-2
Added Pin To Net: NetName=VCC3V3 Pin=R3-2
Added Pin To Net: NetName=VCC3V3 Pin=R4-2
Added Pin To Net: NetName=VCC3V3 Pin=R8-1
Added Pin To Net: NetName=VCC3V3 Pin=R9-1
Added Pin To Net: NetName=VCC3V3 Pin=U1-6
Added Pin To Net: NetName=VCC3V3 Pin=U1-11
Added Pin To Net: NetName=VCC3V3 Pin=U1-19
Added Pin To Net: NetName=VCC3V3 Pin=U1-21
Added Pin To Net: NetName=VCC3V3 Pin=U1-22
Added Pin To Net: NetName=VCC3V3 Pin=U1-28
Added Pin To Net: NetName=VCC3V3 Pin=U1-50
Added Pin To Net: NetName=VCC3V3 Pin=U1-75
Added Pin To Net: NetName=VCC3V3 Pin=U1-100
Added Pin To Net: NetName=VCC3V3 Pin=U2-5
Added Pin To Net: NetName=VCC3V3 Pin=U3-1
Added Pin To Net: NetName=VCC3V3 Pin=U3-8
Added Pin To Net: NetName=VCC3V3 Pin=U3-13
Added Pin To Net: NetName=VCC3V3 Pin=U3-22
Added Pin To Net: NetName=VCC3V3 Pin=U4-1
Added Pin To Net: NetName=VCC3V3 Pin=U4-2
Added Net: Name=VCC3V3
Added Pin To Net: NetName=VCC5V Pin=*1-2
Added Pin To Net: NetName=VCC5V Pin=*1-11
Added Pin To Net: NetName=VCC5V Pin=C2-2
Added Pin To Net: NetName=VCC5V Pin=R5-2
Added Pin To Net: NetName=VCC5V Pin=U2-1
Added Pin To Net: NetName=VCC5V Pin=U2-3
Added Net: Name=VCC5V
Added Pin To Net: NetName=XCL Pin=U3-7
Added Net: Name=XCL
Added Pin To Net: NetName=XDA Pin=U3-21
Added Net: Name=XDA
Added Class: Name=sensors
Added Class: Name=XIMUF407
Added Room: Name=sensors
Added Room: Name=XIMUF407
