Removed Pin From Net: NetName=OSCOUT Pin=Y1-2
Change Component Footprint: Designator=Y1 Old Footprint=XTAL-49S DIP New Footprint=FP-TSX-3225-MFG
Change Managed Component Library Link : Designator=Y1 Old VaultGUID= New VaultGUID=B7D15EC3-160A-466F-A46C-7801FE6295A7 Old ItemGUID= New ItemGUID=525233CD-4793-4C5F-B98C-897FCEDEF60C Old RevisionGUID= New RevisionGUID=01D089FF-BB6D-43DF-9660-E511C0B399F4
Change component parameters: Designator = "Y1" ("Y1"); Footprint = "XTAL-49S DIP"; UniqueID = "\WHRAMZSG" ("\WHRAMZSG")
Change component parameters (AddParameter): Name = "Automotive"; Value = "No"; VariantName = "[No Variations]"
Change component parameters (AddParameter): Name = "Category"; Value = "Crys"; VariantName = "[No Variations]"
Change component parameters (AddParameter): Name = "ComponentLink2Description"; Value = "Datasheet"; VariantName = "[No Variations]"
Change component parameters (AddParameter): Name = "ComponentLink2URL"; Value = "https://support.epson.biz/td/api/doc_check.php?dl=brief_TSX-3225&lang=en"; VariantName = "[No Variations]"
Change component parameters (AddParameter): Name = "Device Class L1"; Value = "Passive Components"; VariantName = "[No Variations]"
Change component parameters (AddParameter): Name = "Device Class L2"; Value = "Crystals / Oscillators"; VariantName = "[No Variations]"
Change component parameters (AddParameter): Name = "Device Class L3"; Value = "Crystals"; VariantName = "[No Variations]"
Change component parameters (AddParameter): Name = "Digikey Description"; Value = "CRYSTAL 16.00 MHZ 9PF SMD"; VariantName = "[No Variations]"
Change component parameters (AddParameter): Name = "Esr"; Value = "60¶∏"; VariantName = "[No Variations]"
Change component parameters (AddParameter): Name = "Frequency"; Value = "16MHz"; VariantName = "[No Variations]"
Change component parameters (AddParameter): Name = "Height"; Value = "0.6mm"; VariantName = "[No Variations]"
Change component parameters (AddParameter): Name = "Lead Free"; Value = "Yes"; VariantName = "[No Variations]"
Change component parameters (AddParameter): Name = "Load Capacitance"; Value = "9pF"; VariantName = "[No Variations]"
Change component parameters (AddParameter): Name = "Manufacturer"; Value = "EPSON"; VariantName = "[No Variations]"
Change component parameters (AddParameter): Name = "Manufacturer Part Number"; Value = "TSX-3225 16.0000MF18X-AC0"; VariantName = "[No Variations]"
Change component parameters (AddParameter): Name = "Mouser Description"; Value = "CRYSTAL 16.00 MHZ 9PF SMD"; VariantName = "[No Variations]"
Change component parameters (AddParameter): Name = "Octopart"; Value = "https://octopart.com/tsx-3225+16.0000mf18x-ac0-epson-58756552"; VariantName = "[No Variations]"
Change component parameters (AddParameter): Name = "Package"; Value = "TSX-3225"; VariantName = "[No Variations]"
Change component parameters (AddParameter): Name = "RoHS"; Value = "TRUE"; VariantName = "[No Variations]"
Change component parameters (AddParameter): Name = "Series"; Value = "TSX-3225"; VariantName = "[No Variations]"
Change component parameters (AddParameter): Name = "Stability"; Value = "18ppm"; VariantName = "[No Variations]"
Change component parameters (AddParameter): Name = "Temperature"; Value = "-40°„C to +85°„C"; VariantName = "[No Variations]"
Change component parameters (AddParameter): Name = "Temperature Range High"; Value = "+85°„C"; VariantName = "[No Variations]"
Change component parameters (AddParameter): Name = "Temperature Range Low"; Value = "-40°„C"; VariantName = "[No Variations]"
Change component parameters (AddParameter): Name = "Tolerance"; Value = "10ppm"; VariantName = "[No Variations]"
Added Pin To Net: NetName=GND Pin=Y1-2
Added Pin To Net: NetName=OSCOUT Pin=Y1-3
Added Pin To Net: NetName=GND Pin=Y1-4
